<?xml version="1.0" encoding="UTF-8"?>
<!-- Generated by org.testng.reporters.JUnitReportReporter -->
<testsuite skipped="0" hostname="DESKTOP-1METE6J" name="testRunner.TMEAPITestRunner" tests="1" failures="0" timestamp="26 Nov 2020 05:20:11 GMT" time="10.018" errors="0">
  <testcase name="feature" time="10.018" classname="testRunner.TMEAPITestRunner"/>
</testsuite> <!-- testRunner.TMEAPITestRunner -->
