<?xml version="1.0" encoding="UTF-8"?>
<!-- Generated by org.testng.reporters.JUnitReportReporter -->
<testsuite skipped="0" hostname="DESKTOP-1METE6J" name="testRunner.TMEAPITestRunner" tests="1" failures="0" timestamp="26 Nov 2020 04:24:24 GMT" time="7.986" errors="0">
  <testcase name="feature" time="7.986" classname="testRunner.TMEAPITestRunner"/>
</testsuite> <!-- testRunner.TMEAPITestRunner -->
